Generated at 2016-02-07 04:25:22 +0800
Chef::Exceptions::RecipeNotFound: could not find recipe file C:/aikenRepositories/chef-repo/goodbye.rb
C:/opscode/chef/embedded/lib/ruby/gems/2.0.0/gems/chef-12.6.0-universal-mingw32/lib/chef/run_context.rb:348:in `load_recipe_file'
C:/opscode/chef/embedded/lib/ruby/gems/2.0.0/gems/chef-12.6.0-universal-mingw32/lib/chef/policy_builder/expand_node_object.rb:96:in `block in setup_run_context'
C:/opscode/chef/embedded/lib/ruby/gems/2.0.0/gems/chef-12.6.0-universal-mingw32/lib/chef/policy_builder/expand_node_object.rb:95:in `each'
C:/opscode/chef/embedded/lib/ruby/gems/2.0.0/gems/chef-12.6.0-universal-mingw32/lib/chef/policy_builder/expand_node_object.rb:95:in `setup_run_context'
C:/opscode/chef/embedded/lib/ruby/gems/2.0.0/gems/chef-12.6.0-universal-mingw32/lib/chef/client.rb:490:in `setup_run_context'
C:/opscode/chef/embedded/lib/ruby/gems/2.0.0/gems/chef-12.6.0-universal-mingw32/lib/chef/client.rb:268:in `run'
C:/opscode/chef/embedded/lib/ruby/gems/2.0.0/gems/chef-12.6.0-universal-mingw32/lib/chef/application.rb:243:in `run_with_graceful_exit_option'
C:/opscode/chef/embedded/lib/ruby/gems/2.0.0/gems/chef-12.6.0-universal-mingw32/lib/chef/application.rb:220:in `block in run_chef_client'
C:/opscode/chef/embedded/lib/ruby/gems/2.0.0/gems/chef-12.6.0-universal-mingw32/lib/chef/local_mode.rb:44:in `with_server_connectivity'
C:/opscode/chef/embedded/lib/ruby/gems/2.0.0/gems/chef-12.6.0-universal-mingw32/lib/chef/application.rb:203:in `run_chef_client'
C:/opscode/chef/embedded/lib/ruby/gems/2.0.0/gems/chef-12.6.0-universal-mingw32/lib/chef/application/client.rb:413:in `block in interval_run_chef_client'
C:/opscode/chef/embedded/lib/ruby/gems/2.0.0/gems/chef-12.6.0-universal-mingw32/lib/chef/application/client.rb:403:in `loop'
C:/opscode/chef/embedded/lib/ruby/gems/2.0.0/gems/chef-12.6.0-universal-mingw32/lib/chef/application/client.rb:403:in `interval_run_chef_client'
C:/opscode/chef/embedded/lib/ruby/gems/2.0.0/gems/chef-12.6.0-universal-mingw32/lib/chef/application/client.rb:393:in `run_application'
C:/opscode/chef/embedded/lib/ruby/gems/2.0.0/gems/chef-12.6.0-universal-mingw32/lib/chef/application.rb:58:in `run'
C:/opscode/chef/embedded/lib/ruby/gems/2.0.0/gems/chef-12.6.0-universal-mingw32/bin/chef-client:26:in `<top (required)>'
C:/opscode/chef/bin/chef-client:64:in `load'
C:/opscode/chef/bin/chef-client:64:in `<main>'